#
# There is insufficient memory for the Java Runtime Environment to continue.
# Native memory allocation (mmap) failed to map 67108864 bytes for G1 virtual space
# Possible reasons:
#   The system is out of physical RAM or swap space
#   The process is running with CompressedOops enabled, and the Java Heap may be blocking the growth of the native heap
# Possible solutions:
#   Reduce memory load on the system
#   Increase physical memory or swap space
#   Check if swap backing store is full
#   Decrease Java heap size (-Xmx/-Xms)
#   Decrease number of Java threads
#   Decrease Java thread stack sizes (-Xss)
#   Set larger code cache with -XX:ReservedCodeCacheSize=
#   JVM is running with Unscaled Compressed Oops mode in which the Java heap is
#     placed in the first 4GB address space. The Java Heap base address is the
#     maximum limit for the native heap growth. Please use -XX:HeapBaseMinAddress
#     to set the Java Heap base and to place the Java Heap above 4GB virtual address.
# This output file may be truncated or incomplete.
#
#  Out of Memory Error (os_windows.cpp:3550), pid=12652, tid=9992
#
# JRE version:  (17.0.6+9) (build )
# Java VM: Java HotSpot(TM) 64-Bit Server VM (17.0.6+9-LTS-190, mixed mode, sharing, tiered, compressed oops, compressed class ptrs, g1 gc, windows-amd64)
# No core dump will be written. Minidumps are not enabled by default on client versions of Windows
#

---------------  S U M M A R Y ------------

Command Line: -Dclassworlds.conf=C:\Program Files\NetBeans-17\netbeans\java\maven\bin\m2.conf -Dmaven.home=C:\Program Files\NetBeans-17\netbeans\java\maven -Dlibrary.jansi.path=C:\Program Files\NetBeans-17\netbeans\java\maven\lib\jansi-native -Dmaven.multiModuleProjectDirectory=C:\Users\Administrator\Documents\NetBeansProjects\my_feet org.codehaus.plexus.classworlds.launcher.Launcher -Dexec.vmArgs= -Dexec.args=${exec.vmArgs} -classpath %classpath ${exec.mainClass} ${exec.appArgs} -Dexec.executable=C:\Program Files\Java\jdk-17\bin\java.exe -Dexec.mainClass=teste.TestaClienteDAO -Dexec.classpathScope=runtime -Dexec.appArgs= -Dmaven.ext.class.path=C:\Program Files\NetBeans-17\netbeans\java\maven-nblib\netbeans-eventspy.jar -Dfile.encoding=UTF-8 --no-transfer-progress org.codehaus.mojo:exec-maven-plugin:3.1.0:exec

Host: Intel(R) Core(TM) i5-3337U CPU @ 1.80GHz, 4 cores, 3G,  Windows 10 , 64 bit Build 19041 (10.0.19041.1889)
Time: Thu Jun 22 22:32:06 2023 E. South America Standard Time elapsed time: 0.018185 seconds (0d 0h 0m 0s)

---------------  T H R E A D  ---------------

Current thread (0x000001e9a0c1de80):  JavaThread "Unknown thread" [_thread_in_vm, id=9992, stack(0x00000059ec600000,0x00000059ec700000)]

Stack: [0x00000059ec600000,0x00000059ec700000]
Native frames: (J=compiled Java code, j=interpreted, Vv=VM code, C=native code)
V  [jvm.dll+0x6734ea]
V  [jvm.dll+0x7d18f4]
V  [jvm.dll+0x7d309e]
V  [jvm.dll+0x7d3703]
V  [jvm.dll+0x2433c5]
V  [jvm.dll+0x6703f9]
V  [jvm.dll+0x664d32]
V  [jvm.dll+0x300086]
V  [jvm.dll+0x307606]
V  [jvm.dll+0x356c1e]
V  [jvm.dll+0x356e4f]
V  [jvm.dll+0x2d72e8]
V  [jvm.dll+0x2d8254]
V  [jvm.dll+0x7a33b1]
V  [jvm.dll+0x3647f1]
V  [jvm.dll+0x782839]
V  [jvm.dll+0x3e757f]
V  [jvm.dll+0x3e9001]
C  [jli.dll+0x5297]
C  [ucrtbase.dll+0x21bb2]
C  [KERNEL32.DLL+0x17034]
C  [ntdll.dll+0x52651]


---------------  P R O C E S S  ---------------

Threads class SMR info:
_java_thread_list=0x00007ffb10f1e958, length=0, elements={
}

Java Threads: ( => current thread )

Other Threads:
  0x000001e9a2cc4270 GCTaskThread "GC Thread#0" [stack: 0x00000059ec700000,0x00000059ec800000] [id=9452]
  0x000001e9a2cccd00 ConcurrentGCThread "G1 Main Marker" [stack: 0x00000059ec800000,0x00000059ec900000] [id=12676]
  0x000001e9a2ccd620 ConcurrentGCThread "G1 Conc#0" [stack: 0x00000059ec900000,0x00000059eca00000] [id=8624]

[error occurred during error reporting (printing all threads), id 0xc0000005, EXCEPTION_ACCESS_VIOLATION (0xc0000005) at pc=0x00007ffb10757f07]

VM state: not at safepoint (not fully initialized)

VM Mutex/Monitor currently owned by a thread:  ([mutex/lock_event])
[0x000001e9a2c7c7f0] Heap_lock - owner thread: 0x000001e9a0c1de80

Heap address: 0x00000000c1e00000, size: 994 MB, Compressed Oops mode: 32-bit

CDS archive(s) mapped at: [0x0000000000000000-0x0000000000000000-0x0000000000000000), size 0, SharedBaseAddress: 0x0000000800000000, ArchiveRelocationMode: 0.
Narrow klass base: 0x0000000000000000, Narrow klass shift: 0, Narrow klass range: 0x0

GC Precious Log:
<Empty>

Heap:
 garbage-first heap   total 0K, used 0K [0x00000000c1e00000, 0x0000000100000000)
  region size 1024K, 0 young (0K), 0 survivors (0K)

[error occurred during error reporting (printing heap information), id 0xc0000005, EXCEPTION_ACCESS_VIOLATION (0xc0000005) at pc=0x00007ffb10b3c759]

GC Heap History (0 events):
No events

Deoptimization events (0 events):
No events

Classes unloaded (0 events):
No events

Classes redefined (0 events):
No events

Internal exceptions (0 events):
No events

VM Operations (0 events):
No events

Events (1 events):
Event: 0.011 Loaded shared library C:\Program Files\Java\jdk-17\bin\java.dll


Dynamic libraries:
0x00007ff6b7c30000 - 0x00007ff6b7c40000 	C:\Program Files\Java\jdk-17\bin\java.exe
0x00007ffb35750000 - 0x00007ffb35948000 	C:\Windows\SYSTEM32\ntdll.dll
0x00007ffb351b0000 - 0x00007ffb3526d000 	C:\Windows\System32\KERNEL32.DLL
0x00007ffb33170000 - 0x00007ffb3343e000 	C:\Windows\System32\KERNELBASE.dll
0x00007ffb33070000 - 0x00007ffb33170000 	C:\Windows\System32\ucrtbase.dll
0x00007ffb1e8e0000 - 0x00007ffb1e8f8000 	C:\Program Files\Java\jdk-17\bin\jli.dll
0x00007ffb2ef10000 - 0x00007ffb2ef2b000 	C:\Program Files\Java\jdk-17\bin\VCRUNTIME140.dll
0x00007ffb35270000 - 0x00007ffb3531e000 	C:\Windows\System32\ADVAPI32.dll
0x00007ffb35110000 - 0x00007ffb351ae000 	C:\Windows\System32\msvcrt.dll
0x00007ffb34780000 - 0x00007ffb3481c000 	C:\Windows\System32\sechost.dll
0x00007ffb34c90000 - 0x00007ffb34db5000 	C:\Windows\System32\RPCRT4.dll
0x00007ffb34e40000 - 0x00007ffb34fe0000 	C:\Windows\System32\USER32.dll
0x00007ffb24bc0000 - 0x00007ffb24e5a000 	C:\Windows\WinSxS\amd64_microsoft.windows.common-controls_6595b64144ccf1df_6.0.19041.1110_none_60b5254171f9507e\COMCTL32.dll
0x00007ffb33590000 - 0x00007ffb335b2000 	C:\Windows\System32\win32u.dll
0x00007ffb35630000 - 0x00007ffb3565a000 	C:\Windows\System32\GDI32.dll
0x00007ffb32f10000 - 0x00007ffb3301b000 	C:\Windows\System32\gdi32full.dll
0x00007ffb23810000 - 0x00007ffb2381a000 	C:\Windows\SYSTEM32\VERSION.dll
0x00007ffb32e70000 - 0x00007ffb32f0d000 	C:\Windows\System32\msvcp_win.dll
0x00007ffb35320000 - 0x00007ffb35350000 	C:\Windows\System32\IMM32.DLL
0x00007ffb2efb0000 - 0x00007ffb2efbc000 	C:\Program Files\Java\jdk-17\bin\vcruntime140_1.dll
0x00007ffb1e850000 - 0x00007ffb1e8de000 	C:\Program Files\Java\jdk-17\bin\msvcp140.dll
0x00007ffb10470000 - 0x00007ffb11047000 	C:\Program Files\Java\jdk-17\bin\server\jvm.dll
0x00007ffb34dd0000 - 0x00007ffb34dd8000 	C:\Windows\System32\PSAPI.DLL
0x00007ffb307f0000 - 0x00007ffb307f9000 	C:\Windows\SYSTEM32\WSOCK32.dll
0x00007ffb1e7d0000 - 0x00007ffb1e7f7000 	C:\Windows\SYSTEM32\WINMM.dll
0x00007ffb353b0000 - 0x00007ffb3541b000 	C:\Windows\System32\WS2_32.dll
0x00007ffb30ee0000 - 0x00007ffb30ef2000 	C:\Windows\SYSTEM32\kernel.appcore.dll
0x00007ffb2e630000 - 0x00007ffb2e63a000 	C:\Program Files\Java\jdk-17\bin\jimage.dll
0x00007ffb222b0000 - 0x00007ffb22494000 	C:\Windows\SYSTEM32\DBGHELP.DLL
0x00007ffb21d40000 - 0x00007ffb21d6c000 	C:\Windows\SYSTEM32\dbgcore.DLL
0x00007ffb33720000 - 0x00007ffb337a2000 	C:\Windows\System32\bcryptPrimitives.dll
0x00007ffb25a10000 - 0x00007ffb25a35000 	C:\Program Files\Java\jdk-17\bin\java.dll

dbghelp: loaded successfully - version: 4.0.5 - missing functions: none
symbol engine: initialized successfully - sym options: 0x614 - pdb path: .;C:\Program Files\Java\jdk-17\bin;C:\Windows\SYSTEM32;C:\Windows\WinSxS\amd64_microsoft.windows.common-controls_6595b64144ccf1df_6.0.19041.1110_none_60b5254171f9507e;C:\Program Files\Java\jdk-17\bin\server

VM Arguments:
jvm_args: -Dclassworlds.conf=C:\Program Files\NetBeans-17\netbeans\java\maven\bin\m2.conf -Dmaven.home=C:\Program Files\NetBeans-17\netbeans\java\maven -Dlibrary.jansi.path=C:\Program Files\NetBeans-17\netbeans\java\maven\lib\jansi-native -Dmaven.multiModuleProjectDirectory=C:\Users\Administrator\Documents\NetBeansProjects\my_feet 
java_command: org.codehaus.plexus.classworlds.launcher.Launcher -Dexec.vmArgs= -Dexec.args=${exec.vmArgs} -classpath %classpath ${exec.mainClass} ${exec.appArgs} -Dexec.executable=C:\Program Files\Java\jdk-17\bin\java.exe -Dexec.mainClass=teste.TestaClienteDAO -Dexec.classpathScope=runtime -Dexec.appArgs= -Dmaven.ext.class.path=C:\Program Files\NetBeans-17\netbeans\java\maven-nblib\netbeans-eventspy.jar -Dfile.encoding=UTF-8 --no-transfer-progress org.codehaus.mojo:exec-maven-plugin:3.1.0:exec
java_class_path (initial): C:\Program Files\NetBeans-17\netbeans\java\maven\boot\plexus-classworlds-2.6.0.jar
Launcher Type: SUN_STANDARD

[Global flags]
     intx CICompilerCount                          = 3                                         {product} {ergonomic}
     uint ConcGCThreads                            = 1                                         {product} {ergonomic}
     uint G1ConcRefinementThreads                  = 4                                         {product} {ergonomic}
   size_t G1HeapRegionSize                         = 1048576                                   {product} {ergonomic}
    uintx GCDrainStackTargetSize                   = 64                                        {product} {ergonomic}
   size_t InitialHeapSize                          = 67108864                                  {product} {ergonomic}
   size_t MarkStackSize                            = 4194304                                   {product} {ergonomic}
   size_t MaxHeapSize                              = 1042284544                                {product} {ergonomic}
   size_t MinHeapDeltaBytes                        = 1048576                                   {product} {ergonomic}
   size_t MinHeapSize                              = 8388608                                   {product} {ergonomic}
    uintx NonNMethodCodeHeapSize                   = 5832780                                {pd product} {ergonomic}
    uintx NonProfiledCodeHeapSize                  = 122912730                              {pd product} {ergonomic}
    uintx ProfiledCodeHeapSize                     = 122912730                              {pd product} {ergonomic}
    uintx ReservedCodeCacheSize                    = 251658240                              {pd product} {ergonomic}
     bool SegmentedCodeCache                       = true                                      {product} {ergonomic}
   size_t SoftMaxHeapSize                          = 1042284544                             {manageable} {ergonomic}
     bool UseCompressedClassPointers               = true                           {product lp64_product} {ergonomic}
     bool UseCompressedOops                        = true                           {product lp64_product} {ergonomic}
     bool UseG1GC                                  = true                                      {product} {ergonomic}
     bool UseLargePagesIndividualAllocation        = false                                  {pd product} {ergonomic}

Logging:
Log output configuration:
 #0: stdout all=warning uptime,level,tags
 #1: stderr all=off uptime,level,tags

Environment Variables:
JAVA_HOME=C:\Program Files\Java\jdk-17
PATH=C:\Program Files\Common Files\Oracle\Java\javapath;C:\Program Files (x86)\Common Files\Oracle\Java\javapath;C:\Windows\system32;C:\Windows;C:\Windows\System32\Wbem;C:\Windows\System32\WindowsPowerShell\v1.0\;C:\Program Files\dotnet\;;C:\Program Files\MySQL\MySQL Shell 8.0\bin\;C:\Users\Administrator\AppData\Local\Programs\Eclipse Adoptium\jdk-17.0.6.10-hotspot\bin;C:\Users\Administrator\AppData\Local\Microsoft\WindowsApps;;C:\Users\Administrator\AppData\Local\Programs\Microsoft VS Code\bin
USERNAME=Administrator
OS=Windows_NT
PROCESSOR_IDENTIFIER=Intel64 Family 6 Model 58 Stepping 9, GenuineIntel



---------------  S Y S T E M  ---------------

OS:
 Windows 10 , 64 bit Build 19041 (10.0.19041.1889)
OS uptime: 0 days 19:48 hours
Hyper-V role detected

CPU: total 4 (initial active 4) (2 cores per cpu, 2 threads per core) family 6 model 58 stepping 9 microcode 0x0, cx8, cmov, fxsr, ht, mmx, sse, sse2, sse3, ssse3, sse4.1, sse4.2, popcnt, tsc, tscinvbit, avx, aes, erms, clmul, vzeroupper, clflush, hv

Memory: 4k page, system-wide physical 3971M (525M free)
TotalPageFile size 10115M (AvailPageFile size 55M)
current process WorkingSet (physical memory assigned to process): 10M, peak: 10M
current process commit charge ("private bytes"): 51M, peak: 115M

vm_info: Java HotSpot(TM) 64-Bit Server VM (17.0.6+9-LTS-190) for windows-amd64 JRE (17.0.6+9-LTS-190), built on Dec  6 2022 15:53:54 by "mach5one" with MS VC++ 17.1 (VS2022)

END.
